2022-04-17 04:11:38.301 [main] INFO  com.uditagarwal.Application - starting application
2022-04-17 04:11:38.309 [main] INFO  com.uditagarwal.pub_sub_queue.InMemoryQueue - created topic with name: t1
2022-04-17 04:11:38.309 [main] INFO  com.uditagarwal.pub_sub_queue.InMemoryQueue - created topic with name: t2
2022-04-17 04:11:38.310 [main] INFO  com.uditagarwal.pub_sub_queue.InMemoryQueue - sub1 subscribed to topic: t1
2022-04-17 04:11:38.310 [main] INFO  com.uditagarwal.pub_sub_queue.InMemoryQueue - sub2 subscribed to topic: t1
2022-04-17 04:11:38.310 [main] INFO  com.uditagarwal.pub_sub_queue.InMemoryQueue - sub3 subscribed to topic: t2
2022-04-17 04:11:38.311 [main] INFO  com.uditagarwal.pub_sub_queue.InMemoryQueue - m1 published to topic: t1
2022-04-17 04:11:38.394 [main] INFO  com.uditagarwal.pub_sub_queue.InMemoryQueue - m2 published to topic: t1
2022-04-17 04:11:38.395 [main] INFO  com.uditagarwal.pub_sub_queue.InMemoryQueue - m3 published to topic: t2
2022-04-17 04:11:38.419 [Thread-6] INFO  com.uditagarwal.DummySubscriber - Subscriber: sub1 started consuming: m1
2022-04-17 04:11:38.419 [Thread-4] INFO  com.uditagarwal.DummySubscriber - Subscriber: sub3 started consuming: m3
2022-04-17 04:11:38.419 [Thread-7] INFO  com.uditagarwal.DummySubscriber - Subscriber: sub2 started consuming: m1
2022-04-17 04:11:43.426 [Thread-4] INFO  com.uditagarwal.DummySubscriber - Subscriber: sub3 done consuming: m3
2022-04-17 04:11:48.425 [Thread-7] INFO  com.uditagarwal.DummySubscriber - Subscriber: sub2 done consuming: m1
2022-04-17 04:11:48.425 [Thread-6] INFO  com.uditagarwal.DummySubscriber - Subscriber: sub1 done consuming: m1
2022-04-17 04:11:48.428 [Thread-7] INFO  com.uditagarwal.DummySubscriber - Subscriber: sub2 started consuming: m2
2022-04-17 04:11:48.428 [Thread-6] INFO  com.uditagarwal.DummySubscriber - Subscriber: sub1 started consuming: m2
2022-04-17 04:11:53.417 [main] INFO  com.uditagarwal.pub_sub_queue.InMemoryQueue - m4 published to topic: t2
2022-04-17 04:11:53.421 [main] INFO  com.uditagarwal.pub_sub_queue.InMemoryQueue - m5 published to topic: t1
2022-04-17 04:11:53.422 [Thread-4] INFO  com.uditagarwal.DummySubscriber - Subscriber: sub3 started consuming: m4
2022-04-17 04:11:53.423 [main] INFO  com.uditagarwal.pub_sub_queue.InMemoryQueue - sub1 offset reset to: 0
2022-04-17 04:11:58.428 [Thread-4] INFO  com.uditagarwal.DummySubscriber - Subscriber: sub3 done consuming: m4
2022-04-17 04:11:58.428 [Thread-6] INFO  com.uditagarwal.DummySubscriber - Subscriber: sub1 done consuming: m2
2022-04-17 04:11:58.428 [Thread-7] INFO  com.uditagarwal.DummySubscriber - Subscriber: sub2 done consuming: m2
2022-04-17 04:11:58.428 [Thread-6] INFO  com.uditagarwal.DummySubscriber - Subscriber: sub1 started consuming: m1
2022-04-17 04:11:58.428 [Thread-7] INFO  com.uditagarwal.DummySubscriber - Subscriber: sub2 started consuming: m5
2022-04-17 04:12:08.434 [Thread-7] INFO  com.uditagarwal.DummySubscriber - Subscriber: sub2 done consuming: m5
2022-04-17 04:12:08.434 [Thread-6] INFO  com.uditagarwal.DummySubscriber - Subscriber: sub1 done consuming: m1
2022-04-17 04:12:08.435 [Thread-6] INFO  com.uditagarwal.DummySubscriber - Subscriber: sub1 started consuming: m2
